2024-11-13 15:22:42 - INFO - /home/linx/Zhoujy/DualBind/train.py
2024-11-13 15:22:42 - INFO - train data: 11871
2024-11-13 15:22:42 - INFO - valid data: 1000
2024-11-13 15:22:42 - INFO - test2013 data: 107
2024-11-13 15:22:42 - INFO - test2016 data: 285
2024-11-13 15:22:42 - INFO - test2020 data: 1538
2024-11-13 15:22:59 - INFO - epoch-0, train_loss-9.0806, train_rmse-3.0134, valid_rmse-1.8467, valid_pr-0.4287
2024-11-13 15:23:05 - INFO - valid_rmse-1.8467, valid_pr-0.4287
2024-11-13 15:23:21 - INFO - epoch-1, train_loss-4.0687, train_rmse-2.0171, valid_rmse-1.5460, valid_pr-0.5584
2024-11-13 15:23:27 - INFO - valid_rmse-1.5460, valid_pr-0.5584
2024-11-13 15:23:44 - INFO - epoch-2, train_loss-3.5794, train_rmse-1.8919, valid_rmse-1.5347, valid_pr-0.5989
2024-11-13 15:23:49 - INFO - valid_rmse-1.5347, valid_pr-0.5989
2024-11-13 15:24:05 - INFO - epoch-3, train_loss-3.2613, train_rmse-1.8059, valid_rmse-1.6616, valid_pr-0.6497
2024-11-13 15:24:23 - INFO - epoch-4, train_loss-3.0990, train_rmse-1.7604, valid_rmse-1.5132, valid_pr-0.6414
2024-11-13 15:24:28 - INFO - valid_rmse-1.5132, valid_pr-0.6414
2024-11-13 15:24:45 - INFO - epoch-5, train_loss-2.9320, train_rmse-1.7123, valid_rmse-1.4929, valid_pr-0.6556
2024-11-13 15:24:50 - INFO - valid_rmse-1.4929, valid_pr-0.6556
2024-11-13 15:25:07 - INFO - epoch-6, train_loss-2.8149, train_rmse-1.6778, valid_rmse-1.4369, valid_pr-0.6551
2024-11-13 15:25:12 - INFO - valid_rmse-1.4369, valid_pr-0.6551
2024-11-13 15:25:29 - INFO - epoch-7, train_loss-2.7286, train_rmse-1.6518, valid_rmse-1.5262, valid_pr-0.6667
2024-11-13 15:25:46 - INFO - epoch-8, train_loss-2.6345, train_rmse-1.6231, valid_rmse-1.5240, valid_pr-0.9947
2024-11-13 15:26:03 - INFO - epoch-9, train_loss-2.4771, train_rmse-1.5739, valid_rmse-1.3901, valid_pr-0.6820
2024-11-13 15:26:08 - INFO - valid_rmse-1.3901, valid_pr-0.6820
2024-11-13 15:26:25 - INFO - epoch-10, train_loss-2.4186, train_rmse-1.5552, valid_rmse-1.4073, valid_pr-0.6732
2024-11-13 15:26:42 - INFO - epoch-11, train_loss-2.3240, train_rmse-1.5245, valid_rmse-1.3812, valid_pr-0.7127
2024-11-13 15:26:47 - INFO - valid_rmse-1.3812, valid_pr-0.7127
2024-11-13 15:27:04 - INFO - epoch-12, train_loss-2.2036, train_rmse-1.4845, valid_rmse-1.4239, valid_pr-0.7036
2024-11-13 15:27:21 - INFO - epoch-13, train_loss-2.1985, train_rmse-1.4827, valid_rmse-1.3448, valid_pr-0.7054
2024-11-13 15:27:26 - INFO - valid_rmse-1.3448, valid_pr-0.7054
2024-11-13 15:27:43 - INFO - epoch-14, train_loss-2.0729, train_rmse-1.4398, valid_rmse-1.4329, valid_pr-0.7041
2024-11-13 15:28:00 - INFO - epoch-15, train_loss-1.9668, train_rmse-1.4024, valid_rmse-1.3793, valid_pr-0.6874
2024-11-13 15:28:17 - INFO - epoch-16, train_loss-1.9125, train_rmse-1.3829, valid_rmse-1.3987, valid_pr-0.8335
2024-11-13 15:28:34 - INFO - epoch-17, train_loss-1.9228, train_rmse-1.3866, valid_rmse-1.3683, valid_pr-0.6856
2024-11-13 15:28:52 - INFO - epoch-18, train_loss-1.8461, train_rmse-1.3587, valid_rmse-1.3411, valid_pr-0.7084
2024-11-13 15:28:57 - INFO - valid_rmse-1.3411, valid_pr-0.7084
2024-11-13 15:29:14 - INFO - epoch-19, train_loss-1.7798, train_rmse-1.3341, valid_rmse-1.3462, valid_pr-0.6990
2024-11-13 15:29:32 - INFO - epoch-20, train_loss-1.6753, train_rmse-1.2943, valid_rmse-1.3692, valid_pr-0.7104
2024-11-13 15:29:49 - INFO - epoch-21, train_loss-1.6020, train_rmse-1.2657, valid_rmse-1.3105, valid_pr-0.7197
2024-11-13 15:29:54 - INFO - valid_rmse-1.3105, valid_pr-0.7197
2024-11-13 15:30:11 - INFO - epoch-22, train_loss-1.5301, train_rmse-1.2370, valid_rmse-1.3321, valid_pr-0.7051
2024-11-13 15:30:28 - INFO - epoch-23, train_loss-1.4689, train_rmse-1.2120, valid_rmse-1.3232, valid_pr-0.7223
2024-11-13 15:30:45 - INFO - epoch-24, train_loss-1.3862, train_rmse-1.1774, valid_rmse-1.2759, valid_pr-0.7380
2024-11-13 15:30:50 - INFO - valid_rmse-1.2759, valid_pr-0.7380
2024-11-13 15:31:07 - INFO - epoch-25, train_loss-1.3376, train_rmse-1.1565, valid_rmse-1.3293, valid_pr-0.7227
2024-11-13 15:31:24 - INFO - epoch-26, train_loss-1.2546, train_rmse-1.1201, valid_rmse-1.3057, valid_pr-0.7248
2024-11-13 15:31:41 - INFO - epoch-27, train_loss-1.2228, train_rmse-1.1058, valid_rmse-1.2933, valid_pr-0.7425
2024-11-13 15:31:59 - INFO - epoch-28, train_loss-1.1612, train_rmse-1.0776, valid_rmse-1.2844, valid_pr-0.7287
2024-11-13 15:32:16 - INFO - epoch-29, train_loss-1.1080, train_rmse-1.0526, valid_rmse-1.2899, valid_pr-0.7385
2024-11-13 15:32:34 - INFO - epoch-30, train_loss-1.0506, train_rmse-1.0250, valid_rmse-1.2971, valid_pr-0.7321
2024-11-13 15:32:51 - INFO - epoch-31, train_loss-0.9988, train_rmse-0.9994, valid_rmse-1.2847, valid_pr-0.7546
2024-11-13 15:33:08 - INFO - epoch-32, train_loss-0.9526, train_rmse-0.9760, valid_rmse-1.3452, valid_pr-0.7373
2024-11-13 15:33:25 - INFO - epoch-33, train_loss-0.9306, train_rmse-0.9647, valid_rmse-1.3075, valid_pr-0.7404
2024-11-13 15:33:43 - INFO - epoch-34, train_loss-0.9293, train_rmse-0.9640, valid_rmse-1.3007, valid_pr-0.7523
2024-11-13 15:33:59 - INFO - epoch-35, train_loss-0.8438, train_rmse-0.9186, valid_rmse-1.3018, valid_pr-0.7393
2024-11-13 15:34:17 - INFO - epoch-36, train_loss-0.8322, train_rmse-0.9123, valid_rmse-1.2782, valid_pr-0.7336
2024-11-13 15:34:34 - INFO - epoch-37, train_loss-0.7953, train_rmse-0.8918, valid_rmse-1.2888, valid_pr-0.7418
2024-11-13 15:34:51 - INFO - epoch-38, train_loss-0.7862, train_rmse-0.8867, valid_rmse-1.2855, valid_pr-0.7394
2024-11-13 15:35:08 - INFO - epoch-39, train_loss-0.7610, train_rmse-0.8724, valid_rmse-1.2952, valid_pr-0.7329
2024-11-13 15:35:25 - INFO - epoch-40, train_loss-0.7632, train_rmse-0.8736, valid_rmse-1.2956, valid_pr-0.7410
2024-11-13 15:35:42 - INFO - epoch-41, train_loss-0.7315, train_rmse-0.8553, valid_rmse-1.2849, valid_pr-0.7540
2024-11-13 15:35:59 - INFO - epoch-42, train_loss-0.7140, train_rmse-0.8450, valid_rmse-1.2855, valid_pr-0.7490
2024-11-13 15:36:17 - INFO - epoch-43, train_loss-0.6869, train_rmse-0.8288, valid_rmse-1.2874, valid_pr-0.7551
2024-11-13 15:36:35 - INFO - epoch-44, train_loss-0.6821, train_rmse-0.8259, valid_rmse-1.2967, valid_pr-0.7436
2024-11-13 15:36:52 - INFO - epoch-45, train_loss-0.6688, train_rmse-0.8178, valid_rmse-1.2893, valid_pr-0.7422
2024-11-13 15:37:09 - INFO - epoch-46, train_loss-0.6651, train_rmse-0.8156, valid_rmse-1.2726, valid_pr-0.7501
2024-11-13 15:37:14 - INFO - valid_rmse-1.2726, valid_pr-0.7501
2024-11-13 15:37:30 - INFO - epoch-47, train_loss-0.6613, train_rmse-0.8132, valid_rmse-1.2807, valid_pr-0.7323
2024-11-13 15:37:47 - INFO - epoch-48, train_loss-0.6108, train_rmse-0.7816, valid_rmse-1.2890, valid_pr-0.7359
2024-11-13 15:38:04 - INFO - epoch-49, train_loss-0.6094, train_rmse-0.7806, valid_rmse-1.3111, valid_pr-0.7407
2024-11-13 15:38:21 - INFO - epoch-50, train_loss-0.6015, train_rmse-0.7755, valid_rmse-1.2475, valid_pr-0.7499
2024-11-13 15:38:26 - INFO - valid_rmse-1.2475, valid_pr-0.7499
2024-11-13 15:38:43 - INFO - epoch-51, train_loss-0.5900, train_rmse-0.7681, valid_rmse-1.3024, valid_pr-0.7130
2024-11-13 15:39:00 - INFO - epoch-52, train_loss-0.5935, train_rmse-0.7704, valid_rmse-1.3049, valid_pr-0.7363
2024-11-13 15:39:17 - INFO - epoch-53, train_loss-0.5616, train_rmse-0.7494, valid_rmse-1.2552, valid_pr-0.7453
2024-11-13 15:39:34 - INFO - epoch-54, train_loss-0.5722, train_rmse-0.7565, valid_rmse-1.2589, valid_pr-0.7438
2024-11-13 15:39:50 - INFO - epoch-55, train_loss-0.5539, train_rmse-0.7442, valid_rmse-1.2859, valid_pr-0.7527
2024-11-13 15:40:07 - INFO - epoch-56, train_loss-0.5441, train_rmse-0.7377, valid_rmse-1.2626, valid_pr-0.7470
2024-11-13 15:40:25 - INFO - epoch-57, train_loss-0.5365, train_rmse-0.7324, valid_rmse-1.2843, valid_pr-0.7404
2024-11-13 15:40:41 - INFO - epoch-58, train_loss-0.5282, train_rmse-0.7268, valid_rmse-1.2700, valid_pr-0.7537
2024-11-13 15:40:58 - INFO - epoch-59, train_loss-0.5266, train_rmse-0.7257, valid_rmse-1.2431, valid_pr-0.7673
2024-11-13 15:41:03 - INFO - valid_rmse-1.2431, valid_pr-0.7673
2024-11-13 15:41:20 - INFO - epoch-60, train_loss-0.5080, train_rmse-0.7128, valid_rmse-1.2521, valid_pr-0.7486
2024-11-13 15:41:37 - INFO - epoch-61, train_loss-0.5138, train_rmse-0.7168, valid_rmse-1.2752, valid_pr-0.7424
2024-11-13 15:41:54 - INFO - epoch-62, train_loss-0.4975, train_rmse-0.7054, valid_rmse-1.2503, valid_pr-0.7503
2024-11-13 15:42:11 - INFO - epoch-63, train_loss-0.4870, train_rmse-0.6979, valid_rmse-1.2589, valid_pr-0.7479
2024-11-13 15:42:28 - INFO - epoch-64, train_loss-0.4971, train_rmse-0.7051, valid_rmse-1.2876, valid_pr-0.7563
2024-11-13 15:42:46 - INFO - epoch-65, train_loss-0.4779, train_rmse-0.6913, valid_rmse-1.2564, valid_pr-0.7540
2024-11-13 15:43:03 - INFO - epoch-66, train_loss-0.4681, train_rmse-0.6842, valid_rmse-1.2749, valid_pr-0.7441
2024-11-13 15:43:20 - INFO - epoch-67, train_loss-0.4672, train_rmse-0.6835, valid_rmse-1.2790, valid_pr-0.7107
2024-11-13 15:43:37 - INFO - epoch-68, train_loss-0.4722, train_rmse-0.6872, valid_rmse-1.2714, valid_pr-0.7565
2024-11-13 15:43:53 - INFO - epoch-69, train_loss-0.4576, train_rmse-0.6765, valid_rmse-1.2889, valid_pr-0.7536
2024-11-13 15:44:11 - INFO - epoch-70, train_loss-0.4674, train_rmse-0.6837, valid_rmse-1.2650, valid_pr-0.7980
2024-11-13 15:44:27 - INFO - epoch-71, train_loss-0.4558, train_rmse-0.6751, valid_rmse-1.2511, valid_pr-0.7502
2024-11-13 15:44:45 - INFO - epoch-72, train_loss-0.4433, train_rmse-0.6658, valid_rmse-1.2474, valid_pr-0.7593
2024-11-13 15:45:02 - INFO - epoch-73, train_loss-0.4437, train_rmse-0.6661, valid_rmse-1.2806, valid_pr-0.7437
2024-11-13 15:45:19 - INFO - epoch-74, train_loss-0.4388, train_rmse-0.6624, valid_rmse-1.2349, valid_pr-0.7691
2024-11-13 15:45:25 - INFO - valid_rmse-1.2349, valid_pr-0.7691
2024-11-13 15:45:42 - INFO - epoch-75, train_loss-0.4140, train_rmse-0.6434, valid_rmse-1.2731, valid_pr-0.7474
2024-11-13 15:45:58 - INFO - epoch-76, train_loss-0.4157, train_rmse-0.6448, valid_rmse-1.2542, valid_pr-0.7499
2024-11-13 15:46:15 - INFO - epoch-77, train_loss-0.4122, train_rmse-0.6420, valid_rmse-1.2666, valid_pr-0.7496
2024-11-13 15:46:32 - INFO - epoch-78, train_loss-0.4143, train_rmse-0.6436, valid_rmse-1.2777, valid_pr-0.7595
2024-11-13 15:46:49 - INFO - epoch-79, train_loss-0.4035, train_rmse-0.6352, valid_rmse-1.2359, valid_pr-0.7740
2024-11-13 15:47:06 - INFO - epoch-80, train_loss-0.4037, train_rmse-0.6354, valid_rmse-1.2225, valid_pr-0.7372
2024-11-13 15:47:11 - INFO - valid_rmse-1.2225, valid_pr-0.7372
2024-11-13 15:47:27 - INFO - epoch-81, train_loss-0.3970, train_rmse-0.6301, valid_rmse-1.2857, valid_pr-0.7552
2024-11-13 15:47:44 - INFO - epoch-82, train_loss-0.3906, train_rmse-0.6250, valid_rmse-1.2252, valid_pr-0.7705
2024-11-13 15:48:01 - INFO - epoch-83, train_loss-0.3884, train_rmse-0.6232, valid_rmse-1.2340, valid_pr-0.7669
2024-11-13 15:48:19 - INFO - epoch-84, train_loss-0.3875, train_rmse-0.6225, valid_rmse-1.2473, valid_pr-0.7561
2024-11-13 15:48:36 - INFO - epoch-85, train_loss-0.4001, train_rmse-0.6325, valid_rmse-1.2715, valid_pr-0.7501
2024-11-13 15:48:53 - INFO - epoch-86, train_loss-0.3902, train_rmse-0.6246, valid_rmse-1.2678, valid_pr-0.7512
2024-11-13 15:49:10 - INFO - epoch-87, train_loss-0.3798, train_rmse-0.6163, valid_rmse-1.2620, valid_pr-0.7629
2024-11-13 15:49:26 - INFO - epoch-88, train_loss-0.3684, train_rmse-0.6070, valid_rmse-1.2223, valid_pr-0.7627
2024-11-13 15:49:31 - INFO - valid_rmse-1.2223, valid_pr-0.7627
2024-11-13 15:49:48 - INFO - epoch-89, train_loss-0.3727, train_rmse-0.6105, valid_rmse-1.2185, valid_pr-0.7768
2024-11-13 15:49:53 - INFO - valid_rmse-1.2185, valid_pr-0.7768
2024-11-13 15:50:10 - INFO - epoch-90, train_loss-0.3650, train_rmse-0.6041, valid_rmse-1.2488, valid_pr-0.7568
2024-11-13 15:50:27 - INFO - epoch-91, train_loss-0.3693, train_rmse-0.6077, valid_rmse-1.2470, valid_pr-0.7688
2024-11-13 15:50:44 - INFO - epoch-92, train_loss-0.3530, train_rmse-0.5942, valid_rmse-1.2321, valid_pr-0.7585
2024-11-13 15:51:01 - INFO - epoch-93, train_loss-0.3446, train_rmse-0.5870, valid_rmse-1.2200, valid_pr-0.7087
2024-11-13 15:51:18 - INFO - epoch-94, train_loss-0.3513, train_rmse-0.5927, valid_rmse-1.2658, valid_pr-0.7675
2024-11-13 15:51:35 - INFO - epoch-95, train_loss-0.3414, train_rmse-0.5843, valid_rmse-1.2532, valid_pr-0.7601
2024-11-13 15:51:52 - INFO - epoch-96, train_loss-0.3394, train_rmse-0.5826, valid_rmse-1.2482, valid_pr-0.7575
2024-11-13 15:52:09 - INFO - epoch-97, train_loss-0.3431, train_rmse-0.5858, valid_rmse-1.2832, valid_pr-0.7524
2024-11-13 15:52:27 - INFO - epoch-98, train_loss-0.3423, train_rmse-0.5851, valid_rmse-1.2369, valid_pr-0.7609
2024-11-13 15:52:44 - INFO - epoch-99, train_loss-0.3405, train_rmse-0.5836, valid_rmse-1.2145, valid_pr-0.7730
2024-11-13 15:52:49 - INFO - valid_rmse-1.2145, valid_pr-0.7730
2024-11-13 15:53:05 - INFO - epoch-100, train_loss-0.3404, train_rmse-0.5835, valid_rmse-1.2389, valid_pr-0.7617
2024-11-13 15:53:22 - INFO - epoch-101, train_loss-0.3389, train_rmse-0.5821, valid_rmse-1.2025, valid_pr-0.7680
2024-11-13 15:53:28 - INFO - valid_rmse-1.2025, valid_pr-0.7680
2024-11-13 15:53:45 - INFO - epoch-102, train_loss-0.3380, train_rmse-0.5814, valid_rmse-1.2679, valid_pr-0.7414
2024-11-13 15:54:02 - INFO - epoch-103, train_loss-0.3301, train_rmse-0.5745, valid_rmse-1.2286, valid_pr-0.7683
2024-11-13 15:54:18 - INFO - epoch-104, train_loss-0.3225, train_rmse-0.5679, valid_rmse-1.2592, valid_pr-0.7492
2024-11-13 15:54:35 - INFO - epoch-105, train_loss-0.3172, train_rmse-0.5632, valid_rmse-1.2204, valid_pr-0.7339
2024-11-13 15:54:53 - INFO - epoch-106, train_loss-0.3277, train_rmse-0.5725, valid_rmse-1.2226, valid_pr-0.7777
2024-11-13 15:55:10 - INFO - epoch-107, train_loss-0.3159, train_rmse-0.5620, valid_rmse-1.2426, valid_pr-0.7536
2024-11-13 15:55:27 - INFO - epoch-108, train_loss-0.3199, train_rmse-0.5656, valid_rmse-1.2547, valid_pr-0.7627
2024-11-13 15:55:44 - INFO - epoch-109, train_loss-0.3173, train_rmse-0.5633, valid_rmse-1.2088, valid_pr-0.7692
2024-11-13 15:56:01 - INFO - epoch-110, train_loss-0.3059, train_rmse-0.5530, valid_rmse-1.2530, valid_pr-0.7628
2024-11-13 15:56:18 - INFO - epoch-111, train_loss-0.3170, train_rmse-0.5630, valid_rmse-1.2454, valid_pr-0.7501
2024-11-13 15:56:35 - INFO - epoch-112, train_loss-0.3078, train_rmse-0.5548, valid_rmse-1.2555, valid_pr-0.8180
2024-11-13 15:56:51 - INFO - epoch-113, train_loss-0.3236, train_rmse-0.5689, valid_rmse-1.2502, valid_pr-0.7589
2024-11-13 15:57:08 - INFO - epoch-114, train_loss-0.2942, train_rmse-0.5424, valid_rmse-1.2248, valid_pr-0.7615
2024-11-13 15:57:25 - INFO - epoch-115, train_loss-0.2988, train_rmse-0.5466, valid_rmse-1.2343, valid_pr-0.7735
2024-11-13 15:57:42 - INFO - epoch-116, train_loss-0.3175, train_rmse-0.5634, valid_rmse-1.2611, valid_pr-0.7573
2024-11-13 15:57:59 - INFO - epoch-117, train_loss-0.2877, train_rmse-0.5364, valid_rmse-1.2109, valid_pr-0.7697
2024-11-13 15:58:16 - INFO - epoch-118, train_loss-0.2886, train_rmse-0.5372, valid_rmse-1.2149, valid_pr-0.7621
2024-11-13 15:58:32 - INFO - epoch-119, train_loss-0.2922, train_rmse-0.5406, valid_rmse-1.2229, valid_pr-0.7598
2024-11-13 15:58:49 - INFO - epoch-120, train_loss-0.2912, train_rmse-0.5396, valid_rmse-1.2467, valid_pr-0.7619
2024-11-13 15:59:06 - INFO - epoch-121, train_loss-0.2818, train_rmse-0.5309, valid_rmse-1.2291, valid_pr-0.7677
2024-11-13 15:59:23 - INFO - epoch-122, train_loss-0.2896, train_rmse-0.5382, valid_rmse-1.2252, valid_pr-0.7605
2024-11-13 15:59:40 - INFO - epoch-123, train_loss-0.2821, train_rmse-0.5311, valid_rmse-1.2138, valid_pr-0.7712
2024-11-13 15:59:57 - INFO - epoch-124, train_loss-0.2889, train_rmse-0.5375, valid_rmse-1.2334, valid_pr-0.7668
2024-11-13 16:00:14 - INFO - epoch-125, train_loss-0.2891, train_rmse-0.5377, valid_rmse-1.2049, valid_pr-0.7765
2024-11-13 16:00:31 - INFO - epoch-126, train_loss-0.2680, train_rmse-0.5177, valid_rmse-1.2097, valid_pr-0.7683
2024-11-13 16:00:48 - INFO - epoch-127, train_loss-0.2705, train_rmse-0.5200, valid_rmse-1.2259, valid_pr-0.7685
2024-11-13 16:01:05 - INFO - epoch-128, train_loss-0.2651, train_rmse-0.5149, valid_rmse-1.1909, valid_pr-0.7711
2024-11-13 16:01:10 - INFO - valid_rmse-1.1909, valid_pr-0.7711
2024-11-13 16:01:28 - INFO - epoch-129, train_loss-0.2702, train_rmse-0.5198, valid_rmse-1.2439, valid_pr-0.7696
2024-11-13 16:01:45 - INFO - epoch-130, train_loss-0.2663, train_rmse-0.5160, valid_rmse-1.2089, valid_pr-0.7665
2024-11-13 16:02:02 - INFO - epoch-131, train_loss-0.2688, train_rmse-0.5185, valid_rmse-1.2169, valid_pr-0.7669
2024-11-13 16:02:19 - INFO - epoch-132, train_loss-0.2658, train_rmse-0.5156, valid_rmse-1.2356, valid_pr-0.7618
2024-11-13 16:02:36 - INFO - epoch-133, train_loss-0.2495, train_rmse-0.4995, valid_rmse-1.1989, valid_pr-0.7411
2024-11-13 16:02:54 - INFO - epoch-134, train_loss-0.2526, train_rmse-0.5026, valid_rmse-1.1885, valid_pr-0.7758
2024-11-13 16:02:59 - INFO - valid_rmse-1.1885, valid_pr-0.7758
2024-11-13 16:03:17 - INFO - epoch-135, train_loss-0.2698, train_rmse-0.5194, valid_rmse-1.2075, valid_pr-0.7668
2024-11-13 16:03:35 - INFO - epoch-136, train_loss-0.2648, train_rmse-0.5146, valid_rmse-1.2218, valid_pr-0.7765
2024-11-13 16:03:52 - INFO - epoch-137, train_loss-0.2546, train_rmse-0.5046, valid_rmse-1.2255, valid_pr-0.7737
2024-11-13 16:04:10 - INFO - epoch-138, train_loss-0.2596, train_rmse-0.5095, valid_rmse-1.2266, valid_pr-0.7661
2024-11-13 16:04:27 - INFO - epoch-139, train_loss-0.2522, train_rmse-0.5022, valid_rmse-1.2268, valid_pr-0.7389
2024-11-13 16:04:44 - INFO - epoch-140, train_loss-0.2576, train_rmse-0.5076, valid_rmse-1.2261, valid_pr-0.7675
2024-11-13 16:05:00 - INFO - epoch-141, train_loss-0.2554, train_rmse-0.5054, valid_rmse-1.2178, valid_pr-0.7641
2024-11-13 16:05:17 - INFO - epoch-142, train_loss-0.2522, train_rmse-0.5022, valid_rmse-1.2387, valid_pr-0.7621
2024-11-13 16:05:34 - INFO - epoch-143, train_loss-0.2454, train_rmse-0.4953, valid_rmse-1.2359, valid_pr-0.7611
2024-11-13 16:05:50 - INFO - epoch-144, train_loss-0.2469, train_rmse-0.4969, valid_rmse-1.2360, valid_pr-0.7749
2024-11-13 16:06:07 - INFO - epoch-145, train_loss-0.2396, train_rmse-0.4894, valid_rmse-1.2333, valid_pr-0.7744
2024-11-13 16:06:24 - INFO - epoch-146, train_loss-0.2382, train_rmse-0.4880, valid_rmse-1.2109, valid_pr-0.7896
2024-11-13 16:06:41 - INFO - epoch-147, train_loss-0.2447, train_rmse-0.4946, valid_rmse-1.1954, valid_pr-0.7709
2024-11-13 16:06:57 - INFO - epoch-148, train_loss-0.2375, train_rmse-0.4873, valid_rmse-1.2244, valid_pr-0.7877
2024-11-13 16:07:14 - INFO - epoch-149, train_loss-0.2313, train_rmse-0.4810, valid_rmse-1.2080, valid_pr-0.7655
2024-11-13 16:07:31 - INFO - epoch-150, train_loss-0.2356, train_rmse-0.4854, valid_rmse-1.2130, valid_pr-0.7696
2024-11-13 16:07:47 - INFO - epoch-151, train_loss-0.2367, train_rmse-0.4866, valid_rmse-1.2261, valid_pr-0.7765
2024-11-13 16:08:04 - INFO - epoch-152, train_loss-0.2384, train_rmse-0.4882, valid_rmse-1.2041, valid_pr-0.7813
2024-11-13 16:08:21 - INFO - epoch-153, train_loss-0.2295, train_rmse-0.4791, valid_rmse-1.1918, valid_pr-0.7721
2024-11-13 16:08:38 - INFO - epoch-154, train_loss-0.2357, train_rmse-0.4855, valid_rmse-1.2007, valid_pr-0.7227
2024-11-13 16:08:54 - INFO - epoch-155, train_loss-0.2358, train_rmse-0.4856, valid_rmse-1.2016, valid_pr-0.8132
2024-11-13 16:09:11 - INFO - epoch-156, train_loss-0.2558, train_rmse-0.5058, valid_rmse-1.2226, valid_pr-0.7641
2024-11-13 16:09:28 - INFO - epoch-157, train_loss-0.2261, train_rmse-0.4755, valid_rmse-1.2206, valid_pr-0.7814
2024-11-13 16:09:45 - INFO - epoch-158, train_loss-0.2289, train_rmse-0.4784, valid_rmse-1.1995, valid_pr-0.7857
2024-11-13 16:10:01 - INFO - epoch-159, train_loss-0.2165, train_rmse-0.4653, valid_rmse-1.2182, valid_pr-0.6570
2024-11-13 16:10:18 - INFO - epoch-160, train_loss-0.2228, train_rmse-0.4720, valid_rmse-1.2267, valid_pr-0.7644
2024-11-13 16:10:35 - INFO - epoch-161, train_loss-0.2195, train_rmse-0.4685, valid_rmse-1.1965, valid_pr-0.7793
2024-11-13 16:10:52 - INFO - epoch-162, train_loss-0.2139, train_rmse-0.4625, valid_rmse-1.1958, valid_pr-0.7717
2024-11-13 16:11:08 - INFO - epoch-163, train_loss-0.2237, train_rmse-0.4730, valid_rmse-1.1972, valid_pr-0.7719
2024-11-13 16:11:25 - INFO - epoch-164, train_loss-0.2192, train_rmse-0.4682, valid_rmse-1.2068, valid_pr-0.7697
2024-11-13 16:11:42 - INFO - epoch-165, train_loss-0.2199, train_rmse-0.4689, valid_rmse-1.1873, valid_pr-0.7809
2024-11-13 16:11:47 - INFO - valid_rmse-1.1873, valid_pr-0.7809
2024-11-13 16:12:04 - INFO - epoch-166, train_loss-0.2232, train_rmse-0.4724, valid_rmse-1.2143, valid_pr-0.7641
2024-11-13 16:12:21 - INFO - epoch-167, train_loss-0.2025, train_rmse-0.4500, valid_rmse-1.2070, valid_pr-0.7731
2024-11-13 16:12:37 - INFO - epoch-168, train_loss-0.2157, train_rmse-0.4644, valid_rmse-1.2077, valid_pr-0.7729
2024-11-13 16:12:54 - INFO - epoch-169, train_loss-0.2082, train_rmse-0.4563, valid_rmse-1.2533, valid_pr-0.7620
2024-11-13 16:13:11 - INFO - epoch-170, train_loss-0.2221, train_rmse-0.4713, valid_rmse-1.2339, valid_pr-0.7694
2024-11-13 16:13:28 - INFO - epoch-171, train_loss-0.2161, train_rmse-0.4649, valid_rmse-1.2210, valid_pr-0.7799
2024-11-13 16:13:44 - INFO - epoch-172, train_loss-0.2013, train_rmse-0.4487, valid_rmse-1.2213, valid_pr-0.7008
2024-11-13 16:14:01 - INFO - epoch-173, train_loss-0.2146, train_rmse-0.4632, valid_rmse-1.2217, valid_pr-0.8876
2024-11-13 16:14:18 - INFO - epoch-174, train_loss-0.2110, train_rmse-0.4594, valid_rmse-1.1898, valid_pr-0.7780
2024-11-13 16:14:35 - INFO - epoch-175, train_loss-0.2057, train_rmse-0.4535, valid_rmse-1.2581, valid_pr-0.7655
2024-11-13 16:14:52 - INFO - epoch-176, train_loss-0.2121, train_rmse-0.4605, valid_rmse-1.2425, valid_pr-0.7609
2024-11-13 16:15:08 - INFO - epoch-177, train_loss-0.2090, train_rmse-0.4572, valid_rmse-1.2321, valid_pr-0.7753
2024-11-13 16:15:25 - INFO - epoch-178, train_loss-0.2018, train_rmse-0.4492, valid_rmse-1.1997, valid_pr-0.7838
2024-11-13 16:15:42 - INFO - epoch-179, train_loss-0.2049, train_rmse-0.4527, valid_rmse-1.2143, valid_pr-0.7794
2024-11-13 16:15:59 - INFO - epoch-180, train_loss-0.1939, train_rmse-0.4404, valid_rmse-1.1769, valid_pr-0.7802
2024-11-13 16:16:04 - INFO - valid_rmse-1.1769, valid_pr-0.7802
2024-11-13 16:16:21 - INFO - epoch-181, train_loss-0.2007, train_rmse-0.4480, valid_rmse-1.2349, valid_pr-0.7748
2024-11-13 16:16:37 - INFO - epoch-182, train_loss-0.1969, train_rmse-0.4438, valid_rmse-1.1945, valid_pr-0.7799
2024-11-13 16:16:54 - INFO - epoch-183, train_loss-0.1974, train_rmse-0.4443, valid_rmse-1.1676, valid_pr-0.7959
2024-11-13 16:17:16 - INFO - epoch-184, train_loss-0.1850, train_rmse-0.4301, valid_rmse-1.2022, valid_pr-0.7818
2024-11-13 16:17:33 - INFO - epoch-185, train_loss-0.1919, train_rmse-0.4381, valid_rmse-1.1920, valid_pr-0.7815
2024-11-13 16:17:33 - INFO - epoch-185, valid_rmse-1.1920, valid_pr-0.7815
2024-11-13 16:17:49 - INFO - epoch-186, train_loss-0.1893, train_rmse-0.4351, valid_rmse-1.2121, valid_pr-0.7726
2024-11-13 16:18:06 - INFO - epoch-187, train_loss-0.1836, train_rmse-0.4284, valid_rmse-1.2062, valid_pr-0.7679
2024-11-13 16:18:23 - INFO - epoch-188, train_loss-0.1867, train_rmse-0.4321, valid_rmse-1.1884, valid_pr-0.7753
2024-11-13 16:18:39 - INFO - epoch-189, train_loss-0.1946, train_rmse-0.4411, valid_rmse-1.2029, valid_pr-0.7761
2024-11-13 16:18:56 - INFO - epoch-190, train_loss-0.1855, train_rmse-0.4307, valid_rmse-1.1905, valid_pr-0.7725
2024-11-13 16:19:14 - INFO - epoch-191, train_loss-0.1936, train_rmse-0.4400, valid_rmse-1.1698, valid_pr-0.7787
2024-11-13 16:19:31 - INFO - epoch-192, train_loss-0.1793, train_rmse-0.4234, valid_rmse-1.1960, valid_pr-0.7738
2024-11-13 16:19:48 - INFO - epoch-193, train_loss-0.1803, train_rmse-0.4247, valid_rmse-1.2217, valid_pr-0.8379
2024-11-13 16:20:05 - INFO - epoch-194, train_loss-0.1876, train_rmse-0.4332, valid_rmse-1.1626, valid_pr-0.7839
2024-11-13 16:20:27 - INFO - epoch-195, train_loss-0.1848, train_rmse-0.4299, valid_rmse-1.1773, valid_pr-0.7790
2024-11-13 16:20:44 - INFO - epoch-196, train_loss-0.1816, train_rmse-0.4261, valid_rmse-1.1927, valid_pr-0.7881
2024-11-13 16:21:01 - INFO - epoch-197, train_loss-0.1856, train_rmse-0.4308, valid_rmse-1.1930, valid_pr-0.7794
2024-11-13 16:21:18 - INFO - epoch-198, train_loss-0.1885, train_rmse-0.4341, valid_rmse-1.1939, valid_pr-0.7323
2024-11-13 16:21:34 - INFO - epoch-199, train_loss-0.1851, train_rmse-0.4302, valid_rmse-1.1942, valid_pr-0.7891
2024-11-13 16:21:51 - INFO - epoch-200, train_loss-0.1785, train_rmse-0.4224, valid_rmse-1.1880, valid_pr-0.7335
2024-11-13 16:22:08 - INFO - epoch-201, train_loss-0.1803, train_rmse-0.4247, valid_rmse-1.2059, valid_pr-0.7849
2024-11-13 16:22:25 - INFO - epoch-202, train_loss-0.1807, train_rmse-0.4251, valid_rmse-1.2007, valid_pr-0.7731
2024-11-13 16:22:42 - INFO - epoch-203, train_loss-0.1711, train_rmse-0.4137, valid_rmse-1.1715, valid_pr-0.7866
2024-11-13 16:22:59 - INFO - epoch-204, train_loss-0.1719, train_rmse-0.4147, valid_rmse-1.1943, valid_pr-0.7782
2024-11-13 16:23:15 - INFO - epoch-205, train_loss-0.1763, train_rmse-0.4199, valid_rmse-1.2089, valid_pr-0.7824
2024-11-13 16:23:32 - INFO - epoch-206, train_loss-0.1732, train_rmse-0.4161, valid_rmse-1.1672, valid_pr-0.7861
2024-11-13 16:23:49 - INFO - epoch-207, train_loss-0.1846, train_rmse-0.4296, valid_rmse-1.2038, valid_pr-0.7756
2024-11-13 16:24:06 - INFO - epoch-208, train_loss-0.1828, train_rmse-0.4275, valid_rmse-1.2225, valid_pr-0.7768
2024-11-13 16:24:23 - INFO - epoch-209, train_loss-0.1703, train_rmse-0.4126, valid_rmse-1.1795, valid_pr-0.7749
2024-11-13 16:24:40 - INFO - epoch-210, train_loss-0.1729, train_rmse-0.4158, valid_rmse-1.2029, valid_pr-0.7890
2024-11-13 16:24:57 - INFO - epoch-211, train_loss-0.1714, train_rmse-0.4140, valid_rmse-1.1942, valid_pr-0.7745
2024-11-13 16:25:14 - INFO - epoch-212, train_loss-0.1610, train_rmse-0.4013, valid_rmse-1.1784, valid_pr-0.7792
2024-11-13 16:25:31 - INFO - epoch-213, train_loss-0.1648, train_rmse-0.4060, valid_rmse-1.2026, valid_pr-0.7701
2024-11-13 16:25:48 - INFO - epoch-214, train_loss-0.1776, train_rmse-0.4214, valid_rmse-1.1632, valid_pr-0.7826
2024-11-13 16:26:05 - INFO - epoch-215, train_loss-0.1662, train_rmse-0.4077, valid_rmse-1.1841, valid_pr-0.7895
2024-11-13 16:26:21 - INFO - epoch-216, train_loss-0.1708, train_rmse-0.4132, valid_rmse-1.1639, valid_pr-0.7805
2024-11-13 16:26:38 - INFO - epoch-217, train_loss-0.1535, train_rmse-0.3918, valid_rmse-1.2073, valid_pr-0.7677
2024-11-13 16:26:55 - INFO - epoch-218, train_loss-0.1626, train_rmse-0.4033, valid_rmse-1.1911, valid_pr-0.7788
2024-11-13 16:27:12 - INFO - epoch-219, train_loss-0.1735, train_rmse-0.4166, valid_rmse-1.2094, valid_pr-0.7787
2024-11-13 16:27:29 - INFO - epoch-220, train_loss-0.1690, train_rmse-0.4111, valid_rmse-1.1850, valid_pr-0.7871
2024-11-13 16:27:46 - INFO - epoch-221, train_loss-0.1692, train_rmse-0.4113, valid_rmse-1.1874, valid_pr-0.7761
2024-11-13 16:28:02 - INFO - epoch-222, train_loss-0.1674, train_rmse-0.4092, valid_rmse-1.1855, valid_pr-0.7899
2024-11-13 16:28:19 - INFO - epoch-223, train_loss-0.1722, train_rmse-0.4150, valid_rmse-1.1736, valid_pr-0.7795
2024-11-13 16:28:36 - INFO - epoch-224, train_loss-0.1661, train_rmse-0.4075, valid_rmse-1.1935, valid_pr-0.7858
2024-11-13 16:28:53 - INFO - epoch-225, train_loss-0.1693, train_rmse-0.4115, valid_rmse-1.2191, valid_pr-0.7834
2024-11-13 16:29:10 - INFO - epoch-226, train_loss-0.1615, train_rmse-0.4019, valid_rmse-1.1949, valid_pr-0.7809
2024-11-13 16:29:26 - INFO - epoch-227, train_loss-0.1609, train_rmse-0.4012, valid_rmse-1.2257, valid_pr-0.7756
2024-11-13 16:29:43 - INFO - epoch-228, train_loss-0.1638, train_rmse-0.4048, valid_rmse-1.1940, valid_pr-0.9650
2024-11-13 16:30:00 - INFO - epoch-229, train_loss-0.1671, train_rmse-0.4088, valid_rmse-1.2004, valid_pr-0.7822
2024-11-13 16:30:18 - INFO - epoch-230, train_loss-0.1616, train_rmse-0.4020, valid_rmse-1.1866, valid_pr-0.7917
2024-11-13 16:30:35 - INFO - epoch-231, train_loss-0.1640, train_rmse-0.4050, valid_rmse-1.1645, valid_pr-0.7823
2024-11-13 16:30:52 - INFO - epoch-232, train_loss-0.1620, train_rmse-0.4025, valid_rmse-1.2054, valid_pr-0.7719
2024-11-13 16:31:09 - INFO - epoch-233, train_loss-0.1614, train_rmse-0.4018, valid_rmse-1.1807, valid_pr-0.7781
2024-11-13 16:31:26 - INFO - epoch-234, train_loss-0.1654, train_rmse-0.4067, valid_rmse-1.1667, valid_pr-0.7912
2024-11-13 16:31:43 - INFO - epoch-235, train_loss-0.1713, train_rmse-0.4139, valid_rmse-1.1595, valid_pr-0.7849
2024-11-13 16:31:48 - INFO - valid_rmse-1.1595, valid_pr-0.7849,
2024-11-13 16:31:48 - INFO - early stop in epoch 235
2024-11-13 16:31:48 - INFO - best_rmse: 1.1595
2024-11-13 16:31:48 - INFO - valid_rmse-1.1595, valid_pr-0.7849, test2013_rmse-1.3952, test2013_pr-0.8125, test2016_rmse-1.1469, test2016_pr-0.8549, test2020_rmse-1.3630, test2020_pr-0.7431,

